<?xml version="1.0" encoding="UTF-8"?>
<coverage generated="1716419441838" clover="3.2.0">
  <project timestamp="1716419441838" name="All files">
    <metrics statements="86" coveredstatements="86" conditionals="7" coveredconditionals="7" methods="13" coveredmethods="13" elements="106" coveredelements="106" complexity="0" loc="86" ncloc="86" packages="5" files="6" classes="6"/>
    <package name="src">
      <metrics statements="32" coveredstatements="32" conditionals="0" coveredconditionals="0" methods="6" coveredmethods="6"/>
      <file name="router.ts" path="C:\Users\aleja\Documents\Proyectos React\rest_api_node_server\src\router.ts">
        <metrics statements="16" coveredstatements="16" conditionals="0" coveredconditionals="0" methods="4" coveredmethods="4"/>
        <line num="1" count="2" type="stmt"/>
        <line num="2" count="2" type="stmt"/>
        <line num="3" count="2" type="stmt"/>
        <line num="4" count="2" type="stmt"/>
        <line num="6" count="2" type="stmt"/>
        <line num="8" count="2" type="stmt"/>
        <line num="9" count="2" type="stmt"/>
        <line num="14" count="2" type="stmt"/>
        <line num="20" count="3" type="stmt"/>
        <line num="24" count="3" type="stmt"/>
        <line num="32" count="2" type="stmt"/>
        <line num="38" count="4" type="stmt"/>
        <line num="42" count="4" type="stmt"/>
        <line num="47" count="2" type="stmt"/>
        <line num="52" count="2" type="stmt"/>
        <line num="58" count="2" type="stmt"/>
      </file>
      <file name="server.ts" path="C:\Users\aleja\Documents\Proyectos React\rest_api_node_server\src\server.ts">
        <metrics statements="16" coveredstatements="16" conditionals="0" coveredconditionals="0" methods="2" coveredmethods="2"/>
        <line num="1" count="2" type="stmt"/>
        <line num="2" count="2" type="stmt"/>
        <line num="3" count="2" type="stmt"/>
        <line num="4" count="2" type="stmt"/>
        <line num="6" count="2" type="stmt"/>
        <line num="7" count="3" type="stmt"/>
        <line num="8" count="3" type="stmt"/>
        <line num="9" count="2" type="stmt"/>
        <line num="12" count="1" type="stmt"/>
        <line num="17" count="2" type="stmt"/>
        <line num="19" count="2" type="stmt"/>
        <line num="22" count="2" type="stmt"/>
        <line num="24" count="2" type="stmt"/>
        <line num="26" count="2" type="stmt"/>
        <line num="27" count="1" type="stmt"/>
        <line num="30" count="2" type="stmt"/>
      </file>
    </package>
    <package name="src.config">
      <metrics statements="5" coveredstatements="5" conditionals="0" coveredconditionals="0" methods="0" coveredmethods="0"/>
      <file name="db.ts" path="C:\Users\aleja\Documents\Proyectos React\rest_api_node_server\src\config\db.ts">
        <metrics statements="5" coveredstatements="5" conditionals="0" coveredconditionals="0" methods="0" coveredmethods="0"/>
        <line num="1" count="2" type="stmt"/>
        <line num="2" count="2" type="stmt"/>
        <line num="3" count="2" type="stmt"/>
        <line num="5" count="2" type="stmt"/>
        <line num="10" count="2" type="stmt"/>
      </file>
    </package>
    <package name="src.handlers">
      <metrics statements="36" coveredstatements="36" conditionals="6" coveredconditionals="6" methods="6" coveredmethods="6"/>
      <file name="Products.ts" path="C:\Users\aleja\Documents\Proyectos React\rest_api_node_server\src\handlers\Products.ts">
        <metrics statements="36" coveredstatements="36" conditionals="6" coveredconditionals="6" methods="6" coveredmethods="6"/>
        <line num="2" count="2" type="stmt"/>
        <line num="4" count="2" type="stmt"/>
        <line num="12" count="2" type="stmt"/>
        <line num="15" count="2" type="stmt"/>
        <line num="19" count="2" type="stmt"/>
        <line num="20" count="2" type="stmt"/>
        <line num="21" count="2" type="stmt"/>
        <line num="23" count="2" type="cond" truecount="1" falsecount="0"/>
        <line num="24" count="1" type="stmt"/>
        <line num="28" count="1" type="stmt"/>
        <line num="31" count="2" type="stmt"/>
        <line num="47" count="1" type="stmt"/>
        <line num="48" count="1" type="stmt"/>
        <line num="51" count="2" type="stmt"/>
        <line num="52" count="2" type="stmt"/>
        <line num="53" count="2" type="stmt"/>
        <line num="54" count="2" type="cond" truecount="2" falsecount="0"/>
        <line num="55" count="1" type="stmt"/>
        <line num="58" count="1" type="stmt"/>
        <line num="59" count="1" type="stmt"/>
        <line num="60" count="1" type="stmt"/>
        <line num="64" count="2" type="stmt"/>
        <line num="65" count="2" type="stmt"/>
        <line num="66" count="2" type="stmt"/>
        <line num="68" count="2" type="cond" truecount="2" falsecount="0"/>
        <line num="69" count="1" type="stmt"/>
        <line num="72" count="1" type="stmt"/>
        <line num="73" count="1" type="stmt"/>
        <line num="74" count="1" type="stmt"/>
        <line num="78" count="2" type="stmt"/>
        <line num="79" count="2" type="stmt"/>
        <line num="80" count="2" type="stmt"/>
        <line num="82" count="2" type="cond" truecount="1" falsecount="0"/>
        <line num="83" count="1" type="stmt"/>
        <line num="86" count="1" type="stmt"/>
        <line num="87" count="1" type="stmt"/>
      </file>
    </package>
    <package name="src.middleware">
      <metrics statements="6" coveredstatements="6" conditionals="1" coveredconditionals="1" methods="1" coveredmethods="1"/>
      <file name="index.ts" path="C:\Users\aleja\Documents\Proyectos React\rest_api_node_server\src\middleware\index.ts">
        <metrics statements="6" coveredstatements="6" conditionals="1" coveredconditionals="1" methods="1" coveredmethods="1"/>
        <line num="2" count="2" type="stmt"/>
        <line num="4" count="2" type="stmt"/>
        <line num="5" count="15" type="stmt"/>
        <line num="6" count="15" type="cond" truecount="1" falsecount="0"/>
        <line num="7" count="6" type="stmt"/>
        <line num="9" count="9" type="stmt"/>
      </file>
    </package>
    <package name="src.models">
      <metrics statements="7" coveredstatements="7" conditionals="0" coveredconditionals="0" methods="0" coveredmethods="0"/>
      <file name="Product.model.ts" path="C:\Users\aleja\Documents\Proyectos React\rest_api_node_server\src\models\Product.model.ts">
        <metrics statements="7" coveredstatements="7" conditionals="0" coveredconditionals="0" methods="0" coveredmethods="0"/>
        <line num="1" count="3" type="stmt"/>
        <line num="7" count="3" type="stmt"/>
        <line num="11" count="3" type="stmt"/>
        <line num="16" count="3" type="stmt"/>
        <line num="21" count="3" type="stmt"/>
        <line num="27" count="3" type="stmt"/>
        <line num="30" count="3" type="stmt"/>
      </file>
    </package>
  </project>
</coverage>
